0 info it worked if it ends with ok
1 verbose cli [ 'nodejs', '/usr/local/bin/npm', 'publish' ]
2 info using npm@3.5.2
3 info using node@v0.10.25
4 verbose publish [ '.' ]
5 silly cache add args [ '.', null ]
6 verbose cache add spec .
7 silly cache add parsed spec { raw: '.',
7 silly cache add   scope: null,
7 silly cache add   name: null,
7 silly cache add   rawSpec: '.',
7 silly cache add   spec: '/pool/dev/javascript/stackskills/linkit/jquery-linkit',
7 silly cache add   type: 'directory' }
8 verbose addLocalDirectory /home/nigeltc/.npm/linkit/0.1.0/package.tgz not in flight; packing
9 info lifecycle linkit@0.1.0~prepublish: linkit@0.1.0
10 silly lifecycle linkit@0.1.0~prepublish: no script for prepublish, continuing
11 verbose tar pack [ '/home/nigeltc/.npm/linkit/0.1.0/package.tgz',
11 verbose tar pack   '/pool/dev/javascript/stackskills/linkit/jquery-linkit' ]
12 verbose tarball /home/nigeltc/.npm/linkit/0.1.0/package.tgz
13 verbose folder /pool/dev/javascript/stackskills/linkit/jquery-linkit
14 verbose addLocalTarball adding from inside cache /home/nigeltc/.npm/linkit/0.1.0/package.tgz
15 silly cache afterAdd linkit@0.1.0
16 verbose afterAdd /home/nigeltc/.npm/linkit/0.1.0/package/package.json not in flight; writing
17 verbose afterAdd /home/nigeltc/.npm/linkit/0.1.0/package/package.json written
18 silly publish { name: 'linkit',
18 silly publish   title: 'linkit jQuery plugin',
18 silly publish   description: 'plugin to convert any element into a link.',
18 silly publish   keywords: [ 'link', 'html', 'content' ],
18 silly publish   version: '0.1.0',
18 silly publish   author:
18 silly publish    { name: 'Nigel Thornton Clark',
18 silly publish      url: 'https://github.com/nigeltc/jquery-linkit/AUTHORS.txt' },
18 silly publish   maintainers:
18 silly publish    [ { name: 'Nigel Thornton Clark',
18 silly publish        email: 'nigeltc.jquery@gmail.com',
18 silly publish        url: 'http://osnome.dyndns.org' } ],
18 silly publish   licenses:
18 silly publish    [ { type: 'MIT',
18 silly publish        url: 'https://github.com/nigeltc/jquery-linkit/LICENSE.txt' } ],
18 silly publish   bugs: { url: 'https://github.com/nigeltc/jquery-linkit/issues' },
18 silly publish   homepage: 'https://github.com/nigeltc/jquery-linkit',
18 silly publish   docs: 'https://github.com/nigeltc/jquery-linkit',
18 silly publish   dependencies: { jquery: '>=1.9' },
18 silly publish   readme: '#linkit jQuery plugin#\n\n**linkit** is a jQuery plugin to attach links to elements.\n\n##Version##\n0.1.0\n\n##Usage##\n\n    <script>\n    </script>\n\n##Vendors##\njQuery - [http://jquery.com](http://jquery.com)\n\n##License##\nMIT License\n\n',
18 silly publish   readmeFilename: 'README.md',
18 silly publish   gitHead: 'f217cd254c43f58a5fb8c06dd91c15d1d394d7e9',
18 silly publish   _id: 'linkit@0.1.0',
18 silly publish   scripts: {},
18 silly publish   _shasum: '8c64bdfa4da9670e563eb6c81c5b60b10383d58d',
18 silly publish   _from: '.' }
19 verbose getPublishConfig undefined
20 silly mapToRegistry name linkit
21 silly mapToRegistry using default registry
22 silly mapToRegistry registry https://registry.npmjs.org/
23 silly mapToRegistry uri https://registry.npmjs.org/linkit
24 verbose publish registryBase https://registry.npmjs.org/
25 silly publish uploading /home/nigeltc/.npm/linkit/0.1.0/package.tgz
26 verbose request uri https://registry.npmjs.org/linkit
27 verbose request sending authorization for write operation
28 info attempt registry request try #1 at 17:23:23
29 verbose request using bearer token for auth
30 verbose request id bdfee418b7cd8136
31 http request PUT https://registry.npmjs.org/linkit
32 http 403 https://registry.npmjs.org/linkit
33 verbose headers { 'content-type': 'application/json',
33 verbose headers   'cache-control': 'max-age=300',
33 verbose headers   'content-length': '98',
33 verbose headers   'accept-ranges': 'bytes',
33 verbose headers   date: 'Sun, 13 Dec 2015 22:23:23 GMT',
33 verbose headers   via: '1.1 varnish',
33 verbose headers   connection: 'keep-alive',
33 verbose headers   'x-served-by': 'cache-iad2132-IAD',
33 verbose headers   'x-cache': 'MISS',
33 verbose headers   'x-cache-hits': '0',
33 verbose headers   'x-timer': 'S1450045403.539358,VS0,VE328' }
34 verbose request invalidating /home/nigeltc/.npm/registry.npmjs.org/linkit on PUT
35 error publish Failed PUT 403
36 verbose stack Error: You do not have permission to publish 'linkit'. Are you logged in as the correct user? : linkit
36 verbose stack     at makeError (/usr/local/lib/node_modules/npm/node_modules/npm-registry-client/lib/request.js:264:12)
36 verbose stack     at CachingRegistryClient.<anonymous> (/usr/local/lib/node_modules/npm/node_modules/npm-registry-client/lib/request.js:252:14)
36 verbose stack     at Request._callback (/usr/local/lib/node_modules/npm/node_modules/npm-registry-client/lib/request.js:172:14)
36 verbose stack     at Request.self.callback (/usr/local/lib/node_modules/npm/node_modules/request/request.js:198:22)
36 verbose stack     at Request.EventEmitter.emit (events.js:98:17)
36 verbose stack     at Request.<anonymous> (/usr/local/lib/node_modules/npm/node_modules/request/request.js:1082:10)
36 verbose stack     at Request.EventEmitter.emit (events.js:117:20)
36 verbose stack     at IncomingMessage.<anonymous> (/usr/local/lib/node_modules/npm/node_modules/request/request.js:1009:12)
36 verbose stack     at IncomingMessage.EventEmitter.emit (events.js:117:20)
36 verbose stack     at _stream_readable.js:920:16
37 verbose statusCode 403
38 verbose pkgid linkit
39 verbose cwd /pool/dev/javascript/stackskills/linkit/jquery-linkit
40 error Linux 3.16.0-38-generic
41 error argv "nodejs" "/usr/local/bin/npm" "publish"
42 error node v0.10.25
43 error npm  v3.5.2
44 error code E403
45 error You do not have permission to publish 'linkit'. Are you logged in as the correct user? : linkit
46 error If you need help, you may report this error at:
46 error     <https://github.com/npm/npm/issues>
47 verbose exit [ 1, true ]
